2024/10/20 08:33:16 [emerg] 1#1: unknown directive "content_by_lua_block" in /etc/nginx/conf.d/default.conf:13
2024/10/21 09:30:42 [emerg] 1#1: unknown directive "content_by_lua_block" in /etc/nginx/conf.d/default.conf:13
2024/10/21 09:40:52 [emerg] 1#1: unknown directive "content_by_lua_block" in /etc/nginx/conf.d/default.conf:13
2024/10/21 09:41:13 [emerg] 1#1: unknown directive "content_by_lua_block" in /etc/nginx/conf.d/default.conf:13
2024/10/21 09:42:15 [emerg] 1#1: unexpected "}" in /etc/nginx/conf.d/default.conf:15
2024/10/21 09:42:36 [emerg] 1#1: invalid number of arguments in "return" directive in /etc/nginx/conf.d/default.conf:13
2024/10/21 09:44:04 [notice] 1#1: using the "epoll" event method
2024/10/21 09:44:04 [notice] 1#1: nginx/1.26.2
2024/10/21 09:44:04 [notice] 1#1: built by gcc 13.2.1 20240309 (Alpine 13.2.1_git20240309) 
2024/10/21 09:44:04 [notice] 1#1: OS: Linux 6.1.0-25-amd64
2024/10/21 09:44:04 [notice] 1#1: getrlimit(RLIMIT_NOFILE): 1048576:1048576
2024/10/21 09:44:04 [notice] 1#1: start worker processes
2024/10/21 09:44:04 [notice] 1#1: start worker process 21
2024/10/21 09:44:04 [notice] 1#1: start worker process 22
2024/10/21 09:44:04 [notice] 1#1: start worker process 23
2024/10/21 09:44:04 [notice] 1#1: start worker process 24
2024/10/21 09:44:04 [notice] 1#1: start worker process 25
2024/10/21 09:44:04 [notice] 1#1: start worker process 26
2024/10/21 09:44:04 [notice] 1#1: start worker process 27
2024/10/21 09:44:04 [notice] 1#1: start worker process 28
2024/10/21 09:47:04 [notice] 1#1: signal 3 (SIGQUIT) received, shutting down
2024/10/21 09:47:04 [notice] 23#23: gracefully shutting down
2024/10/21 09:47:04 [notice] 22#22: gracefully shutting down
2024/10/21 09:47:04 [notice] 21#21: gracefully shutting down
2024/10/21 09:47:04 [notice] 23#23: exiting
2024/10/21 09:47:04 [notice] 22#22: exiting
2024/10/21 09:47:04 [notice] 21#21: exiting
2024/10/21 09:47:04 [notice] 23#23: exit
2024/10/21 09:47:04 [notice] 22#22: exit
2024/10/21 09:47:04 [notice] 21#21: exit
2024/10/21 09:47:04 [notice] 24#24: gracefully shutting down
2024/10/21 09:47:04 [notice] 24#24: exiting
2024/10/21 09:47:04 [notice] 25#25: gracefully shutting down
2024/10/21 09:47:04 [notice] 25#25: exiting
2024/10/21 09:47:04 [notice] 27#27: gracefully shutting down
2024/10/21 09:47:04 [notice] 26#26: gracefully shutting down
2024/10/21 09:47:04 [notice] 27#27: exiting
2024/10/21 09:47:04 [notice] 26#26: exiting
2024/10/21 09:47:04 [notice] 24#24: exit
2024/10/21 09:47:04 [notice] 25#25: exit
2024/10/21 09:47:04 [notice] 27#27: exit
2024/10/21 09:47:04 [notice] 26#26: exit
2024/10/21 09:47:04 [notice] 28#28: gracefully shutting down
2024/10/21 09:47:04 [notice] 28#28: exiting
2024/10/21 09:47:04 [notice] 28#28: exit
2024/10/21 09:47:04 [notice] 1#1: signal 17 (SIGCHLD) received from 22
2024/10/21 09:47:04 [notice] 1#1: worker process 22 exited with code 0
2024/10/21 09:47:04 [notice] 1#1: signal 29 (SIGIO) received
2024/10/21 09:47:04 [notice] 1#1: signal 17 (SIGCHLD) received from 24
2024/10/21 09:47:04 [notice] 1#1: worker process 24 exited with code 0
2024/10/21 09:47:04 [notice] 1#1: signal 29 (SIGIO) received
2024/10/21 09:47:04 [notice] 1#1: signal 17 (SIGCHLD) received from 27
2024/10/21 09:47:04 [notice] 1#1: worker process 27 exited with code 0
2024/10/21 09:47:04 [notice] 1#1: signal 29 (SIGIO) received
2024/10/21 09:47:04 [notice] 1#1: signal 17 (SIGCHLD) received from 21
2024/10/21 09:47:04 [notice] 1#1: worker process 21 exited with code 0
2024/10/21 09:47:04 [notice] 1#1: signal 29 (SIGIO) received
2024/10/21 09:47:04 [notice] 1#1: signal 17 (SIGCHLD) received from 23
2024/10/21 09:47:04 [notice] 1#1: worker process 23 exited with code 0
2024/10/21 09:47:04 [notice] 1#1: worker process 28 exited with code 0
2024/10/21 09:47:04 [notice] 1#1: signal 29 (SIGIO) received
2024/10/21 09:47:04 [notice] 1#1: signal 17 (SIGCHLD) received from 25
2024/10/21 09:47:04 [notice] 1#1: worker process 25 exited with code 0
2024/10/21 09:47:04 [notice] 1#1: signal 29 (SIGIO) received
2024/10/21 09:47:04 [notice] 1#1: signal 17 (SIGCHLD) received from 26
2024/10/21 09:47:04 [notice] 1#1: worker process 26 exited with code 0
2024/10/21 09:47:04 [notice] 1#1: exit
