2024/10/19 15:24:19 [notice] 1#1: using the "epoll" event method
2024/10/19 15:24:19 [notice] 1#1: openresty/1.25.3.2
2024/10/19 15:24:19 [notice] 1#1: OS: Linux 6.1.0-25-amd64
2024/10/19 15:24:19 [notice] 1#1: getrlimit(RLIMIT_NOFILE): 1048576:1048576
2024/10/19 15:24:19 [notice] 1#1: start worker processes
2024/10/19 15:24:19 [notice] 1#1: start worker process 7
2024/10/19 15:25:18 [warn] 7#7: *2 [lua] _G write guard:12: __newindex(): writing a global Lua variable ('query') which may lead to race conditions between concurrent requests, so prefer the use of 'local' variables
stack traceback:
	/etc/nginx/conf.d/query_sw.lua:2: in main chunk
	[C]: in function 'require'
	rewrite_by_lua(/etc/nginx/conf.d/default.conf:18):2: in main chunk, client: 172.24.0.1, server: localhost, request: "GET /error HTTP/1.1", host: "localhost:8089"
2024/10/19 15:25:18 [error] 7#7: *2 lua entry thread aborted: runtime error: /etc/nginx/conf.d/query_sw.lua:3: module 'resty.http' not found:
	no field package.preload['resty.http']
	no file '/etc/nginx/conf.d/resty/http.lua'
	no file '/usr/local/openresty/site/lualib/resty/http.ljbc'
	no file '/usr/local/openresty/site/lualib/resty/http/init.ljbc'
	no file '/usr/local/openresty/lualib/resty/http.ljbc'
	no file '/usr/local/openresty/lualib/resty/http/init.ljbc'
	no file '/usr/local/openresty/site/lualib/resty/http.lua'
	no file '/usr/local/openresty/site/lualib/resty/http/init.lua'
	no file '/usr/local/openresty/lualib/resty/http.lua'
	no file '/usr/local/openresty/lualib/resty/http/init.lua'
	no file './resty/http.lua'
	no file '/usr/local/openresty/luajit/share/luajit-2.1/resty/http.lua'
	no file '/usr/local/share/lua/5.1/resty/http.lua'
	no file '/usr/local/share/lua/5.1/resty/http/init.lua'
	no file '/usr/local/openresty/luajit/share/lua/5.1/resty/http.lua'
	no file '/usr/local/openresty/luajit/share/lua/5.1/resty/http/init.lua'
	no file '/usr/local/openresty/site/lualib/resty/http.so'
	no file '/usr/local/openresty/lualib/resty/http.so'
	no file './resty/http.so'
	no file '/usr/local/lib/lua/5.1/resty/http.so'
	no file '/usr/local/openresty/luajit/lib/lua/5.1/resty/http.so'
	no file '/usr/local/lib/lua/5.1/loadall.so'
	no file '/usr/local/openresty/site/lualib/resty.so'
	no file '/usr/local/openresty/lualib/resty.so'
	no file './resty.so'
	no file '/usr/local/lib/lua/5.1/resty.so'
	no file '/usr/local/openresty/luajit/lib/lua/5.1/resty.so'
	no file '/usr/local/lib/lua/5.1/loadall.so'
stack traceback:
coroutine 0:
	[C]: in function 'require'
	/etc/nginx/conf.d/query_sw.lua:3: in function 'query'
	rewrite_by_lua(/etc/nginx/conf.d/default.conf:18):2: in main chunk, client: 172.24.0.1, server: localhost, request: "GET /error HTTP/1.1", host: "localhost:8089"
2024/10/19 15:26:31 [error] 7#7: *4 lua entry thread aborted: runtime error: /etc/nginx/conf.d/query_sw.lua:3: module 'resty.http' not found:
	no field package.preload['resty.http']
	no file '/etc/nginx/conf.d/resty/http.lua'
	no file '/usr/local/openresty/site/lualib/resty/http.ljbc'
	no file '/usr/local/openresty/site/lualib/resty/http/init.ljbc'
	no file '/usr/local/openresty/lualib/resty/http.ljbc'
	no file '/usr/local/openresty/lualib/resty/http/init.ljbc'
	no file '/usr/local/openresty/site/lualib/resty/http.lua'
	no file '/usr/local/openresty/site/lualib/resty/http/init.lua'
	no file '/usr/local/openresty/lualib/resty/http.lua'
	no file '/usr/local/openresty/lualib/resty/http/init.lua'
	no file './resty/http.lua'
	no file '/usr/local/openresty/luajit/share/luajit-2.1/resty/http.lua'
	no file '/usr/local/share/lua/5.1/resty/http.lua'
	no file '/usr/local/share/lua/5.1/resty/http/init.lua'
	no file '/usr/local/openresty/luajit/share/lua/5.1/resty/http.lua'
	no file '/usr/local/openresty/luajit/share/lua/5.1/resty/http/init.lua'
	no file '/usr/local/openresty/site/lualib/resty/http.so'
	no file '/usr/local/openresty/lualib/resty/http.so'
	no file './resty/http.so'
	no file '/usr/local/lib/lua/5.1/resty/http.so'
	no file '/usr/local/openresty/luajit/lib/lua/5.1/resty/http.so'
	no file '/usr/local/lib/lua/5.1/loadall.so'
	no file '/usr/local/openresty/site/lualib/resty.so'
	no file '/usr/local/openresty/lualib/resty.so'
	no file './resty.so'
	no file '/usr/local/lib/lua/5.1/resty.so'
	no file '/usr/local/openresty/luajit/lib/lua/5.1/resty.so'
	no file '/usr/local/lib/lua/5.1/loadall.so'
stack traceback:
coroutine 0:
	[C]: in function 'require'
	/etc/nginx/conf.d/query_sw.lua:3: in function 'query'
	rewrite_by_lua(/etc/nginx/conf.d/default.conf:18):2: in main chunk, client: 172.24.0.1, server: localhost, request: "GET /error HTTP/1.1", host: "localhost:8089"
2024/10/19 15:30:05 [error] 7#7: *6 lua entry thread aborted: runtime error: /etc/nginx/conf.d/query_sw.lua:3: module 'resty.http' not found:
	no field package.preload['resty.http']
	no file '/etc/nginx/conf.d/resty/http.lua'
	no file '/usr/local/openresty/site/lualib/resty/http.ljbc'
	no file '/usr/local/openresty/site/lualib/resty/http/init.ljbc'
	no file '/usr/local/openresty/lualib/resty/http.ljbc'
	no file '/usr/local/openresty/lualib/resty/http/init.ljbc'
	no file '/usr/local/openresty/site/lualib/resty/http.lua'
	no file '/usr/local/openresty/site/lualib/resty/http/init.lua'
	no file '/usr/local/openresty/lualib/resty/http.lua'
	no file '/usr/local/openresty/lualib/resty/http/init.lua'
	no file './resty/http.lua'
	no file '/usr/local/openresty/luajit/share/luajit-2.1/resty/http.lua'
	no file '/usr/local/share/lua/5.1/resty/http.lua'
	no file '/usr/local/share/lua/5.1/resty/http/init.lua'
	no file '/usr/local/openresty/luajit/share/lua/5.1/resty/http.lua'
	no file '/usr/local/openresty/luajit/share/lua/5.1/resty/http/init.lua'
	no file '/usr/local/openresty/site/lualib/resty/http.so'
	no file '/usr/local/openresty/lualib/resty/http.so'
	no file './resty/http.so'
	no file '/usr/local/lib/lua/5.1/resty/http.so'
	no file '/usr/local/openresty/luajit/lib/lua/5.1/resty/http.so'
	no file '/usr/local/lib/lua/5.1/loadall.so'
	no file '/usr/local/openresty/site/lualib/resty.so'
	no file '/usr/local/openresty/lualib/resty.so'
	no file './resty.so'
	no file '/usr/local/lib/lua/5.1/resty.so'
	no file '/usr/local/openresty/luajit/lib/lua/5.1/resty.so'
	no file '/usr/local/lib/lua/5.1/loadall.so'
stack traceback:
coroutine 0:
	[C]: in function 'require'
	/etc/nginx/conf.d/query_sw.lua:3: in function 'query'
	rewrite_by_lua(/etc/nginx/conf.d/default.conf:18):2: in main chunk, client: 172.24.0.1, server: localhost, request: "GET /error HTTP/1.1", host: "localhost:8089"
2024/10/19 15:34:16 [notice] 1#1: signal 3 (SIGQUIT) received, shutting down
2024/10/19 15:34:16 [notice] 7#7: gracefully shutting down
2024/10/19 15:34:16 [notice] 7#7: exiting
2024/10/19 15:34:16 [notice] 7#7: exit
2024/10/19 15:34:16 [notice] 1#1: signal 17 (SIGCHLD) received from 7
2024/10/19 15:34:16 [notice] 1#1: worker process 7 exited with code 0
2024/10/19 15:34:16 [notice] 1#1: exit
2024/10/20 08:48:33 [notice] 1#1: using the "epoll" event method
2024/10/20 08:48:33 [notice] 1#1: openresty/1.25.3.2
2024/10/20 08:48:33 [notice] 1#1: OS: Linux 6.1.0-25-amd64
2024/10/20 08:48:33 [notice] 1#1: getrlimit(RLIMIT_NOFILE): 1048576:1048576
2024/10/20 08:48:33 [notice] 1#1: start worker processes
2024/10/20 08:48:33 [notice] 1#1: start worker process 7
2024/10/20 08:49:14 [notice] 1#1: signal 3 (SIGQUIT) received, shutting down
2024/10/20 08:49:14 [notice] 7#7: gracefully shutting down
2024/10/20 08:49:14 [notice] 7#7: exiting
2024/10/20 08:49:14 [notice] 7#7: exit
2024/10/20 08:49:14 [notice] 1#1: signal 17 (SIGCHLD) received from 7
2024/10/20 08:49:14 [notice] 1#1: worker process 7 exited with code 0
2024/10/20 08:49:14 [notice] 1#1: exit
2024/10/20 08:49:23 [notice] 1#1: using the "epoll" event method
2024/10/20 08:49:23 [notice] 1#1: openresty/1.25.3.2
2024/10/20 08:49:23 [notice] 1#1: OS: Linux 6.1.0-25-amd64
2024/10/20 08:49:23 [notice] 1#1: getrlimit(RLIMIT_NOFILE): 1048576:1048576
2024/10/20 08:49:23 [notice] 1#1: start worker processes
2024/10/20 08:49:23 [notice] 1#1: start worker process 7
2024/10/20 08:50:14 [warn] 7#7: *2 [lua] _G write guard:12: __newindex(): writing a global Lua variable ('query') which may lead to race conditions between concurrent requests, so prefer the use of 'local' variables
stack traceback:
	/etc/nginx/conf.d/query_sw.lua:2: in main chunk
	[C]: in function 'require'
	rewrite_by_lua(/etc/nginx/conf.d/default.conf:18):2: in main chunk, client: 172.24.0.1, server: localhost, request: "GET /error HTTP/1.1", host: "localhost:8089"
2024/10/20 08:50:14 [error] 7#7: *2 lua entry thread aborted: runtime error: /etc/nginx/conf.d/query_sw.lua:3: module 'resty.http' not found:
	no field package.preload['resty.http']
	no file '/etc/nginx/conf.d/resty/http.lua'
	no file '/usr/local/openresty/site/lualib/resty/http.ljbc'
	no file '/usr/local/openresty/site/lualib/resty/http/init.ljbc'
	no file '/usr/local/openresty/lualib/resty/http.ljbc'
	no file '/usr/local/openresty/lualib/resty/http/init.ljbc'
	no file '/usr/local/openresty/site/lualib/resty/http.lua'
	no file '/usr/local/openresty/site/lualib/resty/http/init.lua'
	no file '/usr/local/openresty/lualib/resty/http.lua'
	no file '/usr/local/openresty/lualib/resty/http/init.lua'
	no file './resty/http.lua'
	no file '/usr/local/openresty/luajit/share/luajit-2.1/resty/http.lua'
	no file '/usr/local/share/lua/5.1/resty/http.lua'
	no file '/usr/local/share/lua/5.1/resty/http/init.lua'
	no file '/usr/local/openresty/luajit/share/lua/5.1/resty/http.lua'
	no file '/usr/local/openresty/luajit/share/lua/5.1/resty/http/init.lua'
	no file '/usr/local/openresty/site/lualib/resty/http.so'
	no file '/usr/local/openresty/lualib/resty/http.so'
	no file './resty/http.so'
	no file '/usr/local/lib/lua/5.1/resty/http.so'
	no file '/usr/local/openresty/luajit/lib/lua/5.1/resty/http.so'
	no file '/usr/local/lib/lua/5.1/loadall.so'
	no file '/usr/local/openresty/site/lualib/resty.so'
	no file '/usr/local/openresty/lualib/resty.so'
	no file './resty.so'
	no file '/usr/local/lib/lua/5.1/resty.so'
	no file '/usr/local/openresty/luajit/lib/lua/5.1/resty.so'
	no file '/usr/local/lib/lua/5.1/loadall.so'
stack traceback:
coroutine 0:
	[C]: in function 'require'
	/etc/nginx/conf.d/query_sw.lua:3: in function 'query'
	rewrite_by_lua(/etc/nginx/conf.d/default.conf:18):2: in main chunk, client: 172.24.0.1, server: localhost, request: "GET /error HTTP/1.1", host: "localhost:8089"
2024/10/20 08:50:14 [error] 7#7: *3 open() "/usr/local/openresty/nginx/html/favicon.ico" failed (2: No such file or directory), client: 172.24.0.1, server: localhost, request: "GET /favicon.ico HTTP/1.1", host: "localhost:8089", referrer: "http://localhost:8089/error"
2024/10/20 08:50:57 [notice] 1#1: signal 3 (SIGQUIT) received, shutting down
2024/10/20 08:50:57 [notice] 7#7: gracefully shutting down
2024/10/20 08:50:57 [notice] 7#7: exiting
2024/10/20 08:50:57 [notice] 7#7: exit
2024/10/20 08:50:57 [notice] 1#1: signal 17 (SIGCHLD) received from 7
2024/10/20 08:50:57 [notice] 1#1: worker process 7 exited with code 0
2024/10/20 08:50:57 [notice] 1#1: exit
2024/10/20 13:44:23 [notice] 1#1: using the "epoll" event method
2024/10/20 13:44:23 [notice] 1#1: openresty/1.25.3.2
2024/10/20 13:44:23 [notice] 1#1: OS: Linux 6.1.0-25-amd64
2024/10/20 13:44:23 [notice] 1#1: getrlimit(RLIMIT_NOFILE): 1048576:1048576
2024/10/20 13:44:23 [notice] 1#1: start worker processes
2024/10/20 13:44:23 [notice] 1#1: start worker process 7
2024/10/20 13:44:39 [warn] 7#7: *2 [lua] _G write guard:12: __newindex(): writing a global Lua variable ('query') which may lead to race conditions between concurrent requests, so prefer the use of 'local' variables
stack traceback:
	/etc/nginx/conf.d/query_sw.lua:2: in main chunk
	[C]: in function 'require'
	rewrite_by_lua(/etc/nginx/conf.d/default.conf:18):2: in main chunk, client: 172.24.0.1, server: localhost, request: "GET /error HTTP/1.1", host: "localhost:8089"
2024/10/20 13:44:39 [error] 7#7: *2 lua entry thread aborted: runtime error: /etc/nginx/conf.d/query_sw.lua:3: module 'resty.http' not found:
	no field package.preload['resty.http']
	no file '/etc/nginx/conf.d/resty/http.lua'
	no file '/usr/local/openresty/site/lualib/resty/http.ljbc'
	no file '/usr/local/openresty/site/lualib/resty/http/init.ljbc'
	no file '/usr/local/openresty/lualib/resty/http.ljbc'
	no file '/usr/local/openresty/lualib/resty/http/init.ljbc'
	no file '/usr/local/openresty/site/lualib/resty/http.lua'
	no file '/usr/local/openresty/site/lualib/resty/http/init.lua'
	no file '/usr/local/openresty/lualib/resty/http.lua'
	no file '/usr/local/openresty/lualib/resty/http/init.lua'
	no file './resty/http.lua'
	no file '/usr/local/openresty/luajit/share/luajit-2.1/resty/http.lua'
	no file '/usr/local/share/lua/5.1/resty/http.lua'
	no file '/usr/local/share/lua/5.1/resty/http/init.lua'
	no file '/usr/local/openresty/luajit/share/lua/5.1/resty/http.lua'
	no file '/usr/local/openresty/luajit/share/lua/5.1/resty/http/init.lua'
	no file '/usr/local/openresty/site/lualib/resty/http.so'
	no file '/usr/local/openresty/lualib/resty/http.so'
	no file './resty/http.so'
	no file '/usr/local/lib/lua/5.1/resty/http.so'
	no file '/usr/local/openresty/luajit/lib/lua/5.1/resty/http.so'
	no file '/usr/local/lib/lua/5.1/loadall.so'
	no file '/usr/local/openresty/site/lualib/resty.so'
	no file '/usr/local/openresty/lualib/resty.so'
	no file './resty.so'
	no file '/usr/local/lib/lua/5.1/resty.so'
	no file '/usr/local/openresty/luajit/lib/lua/5.1/resty.so'
	no file '/usr/local/lib/lua/5.1/loadall.so'
stack traceback:
coroutine 0:
	[C]: in function 'require'
	/etc/nginx/conf.d/query_sw.lua:3: in function 'query'
	rewrite_by_lua(/etc/nginx/conf.d/default.conf:18):2: in main chunk, client: 172.24.0.1, server: localhost, request: "GET /error HTTP/1.1", host: "localhost:8089"
2024/10/20 13:47:29 [error] 7#7: *4 lua entry thread aborted: runtime error: /etc/nginx/conf.d/query_sw.lua:3: module 'resty.http' not found:
	no field package.preload['resty.http']
	no file '/etc/nginx/conf.d/resty/http.lua'
	no file '/usr/local/openresty/site/lualib/resty/http.ljbc'
	no file '/usr/local/openresty/site/lualib/resty/http/init.ljbc'
	no file '/usr/local/openresty/lualib/resty/http.ljbc'
	no file '/usr/local/openresty/lualib/resty/http/init.ljbc'
	no file '/usr/local/openresty/site/lualib/resty/http.lua'
	no file '/usr/local/openresty/site/lualib/resty/http/init.lua'
	no file '/usr/local/openresty/lualib/resty/http.lua'
	no file '/usr/local/openresty/lualib/resty/http/init.lua'
	no file './resty/http.lua'
	no file '/usr/local/openresty/luajit/share/luajit-2.1/resty/http.lua'
	no file '/usr/local/share/lua/5.1/resty/http.lua'
	no file '/usr/local/share/lua/5.1/resty/http/init.lua'
	no file '/usr/local/openresty/luajit/share/lua/5.1/resty/http.lua'
	no file '/usr/local/openresty/luajit/share/lua/5.1/resty/http/init.lua'
	no file '/usr/local/openresty/site/lualib/resty/http.so'
	no file '/usr/local/openresty/lualib/resty/http.so'
	no file './resty/http.so'
	no file '/usr/local/lib/lua/5.1/resty/http.so'
	no file '/usr/local/openresty/luajit/lib/lua/5.1/resty/http.so'
	no file '/usr/local/lib/lua/5.1/loadall.so'
	no file '/usr/local/openresty/site/lualib/resty.so'
	no file '/usr/local/openresty/lualib/resty.so'
	no file './resty.so'
	no file '/usr/local/lib/lua/5.1/resty.so'
	no file '/usr/local/openresty/luajit/lib/lua/5.1/resty.so'
	no file '/usr/local/lib/lua/5.1/loadall.so'
stack traceback:
coroutine 0:
	[C]: in function 'require'
	/etc/nginx/conf.d/query_sw.lua:3: in function 'query'
	rewrite_by_lua(/etc/nginx/conf.d/default.conf:18):2: in main chunk, client: 172.24.0.1, server: localhost, request: "GET /error HTTP/1.1", host: "localhost:8089"
2024/10/20 14:01:01 [error] 7#7: *6 lua entry thread aborted: runtime error: /etc/nginx/conf.d/query_sw.lua:3: module 'resty.http' not found:
	no field package.preload['resty.http']
	no file '/etc/nginx/conf.d/resty/http.lua'
	no file '/usr/local/openresty/site/lualib/resty/http.ljbc'
	no file '/usr/local/openresty/site/lualib/resty/http/init.ljbc'
	no file '/usr/local/openresty/lualib/resty/http.ljbc'
	no file '/usr/local/openresty/lualib/resty/http/init.ljbc'
	no file '/usr/local/openresty/site/lualib/resty/http.lua'
	no file '/usr/local/openresty/site/lualib/resty/http/init.lua'
	no file '/usr/local/openresty/lualib/resty/http.lua'
	no file '/usr/local/openresty/lualib/resty/http/init.lua'
	no file './resty/http.lua'
	no file '/usr/local/openresty/luajit/share/luajit-2.1/resty/http.lua'
	no file '/usr/local/share/lua/5.1/resty/http.lua'
	no file '/usr/local/share/lua/5.1/resty/http/init.lua'
	no file '/usr/local/openresty/luajit/share/lua/5.1/resty/http.lua'
	no file '/usr/local/openresty/luajit/share/lua/5.1/resty/http/init.lua'
	no file '/usr/local/openresty/site/lualib/resty/http.so'
	no file '/usr/local/openresty/lualib/resty/http.so'
	no file './resty/http.so'
	no file '/usr/local/lib/lua/5.1/resty/http.so'
	no file '/usr/local/openresty/luajit/lib/lua/5.1/resty/http.so'
	no file '/usr/local/lib/lua/5.1/loadall.so'
	no file '/usr/local/openresty/site/lualib/resty.so'
	no file '/usr/local/openresty/lualib/resty.so'
	no file './resty.so'
	no file '/usr/local/lib/lua/5.1/resty.so'
	no file '/usr/local/openresty/luajit/lib/lua/5.1/resty.so'
	no file '/usr/local/lib/lua/5.1/loadall.so'
stack traceback:
coroutine 0:
	[C]: in function 'require'
	/etc/nginx/conf.d/query_sw.lua:3: in function 'query'
	rewrite_by_lua(/etc/nginx/conf.d/default.conf:18):2: in main chunk, client: 172.24.0.1, server: localhost, request: "GET /error HTTP/1.1", host: "localhost:8089"
2024/10/20 14:05:21 [error] 7#7: *8 lua entry thread aborted: runtime error: /etc/nginx/conf.d/query_sw.lua:3: module 'resty.http' not found:
	no field package.preload['resty.http']
	no file '/etc/nginx/conf.d/resty/http.lua'
	no file '/usr/local/openresty/site/lualib/resty/http.ljbc'
	no file '/usr/local/openresty/site/lualib/resty/http/init.ljbc'
	no file '/usr/local/openresty/lualib/resty/http.ljbc'
	no file '/usr/local/openresty/lualib/resty/http/init.ljbc'
	no file '/usr/local/openresty/site/lualib/resty/http.lua'
	no file '/usr/local/openresty/site/lualib/resty/http/init.lua'
	no file '/usr/local/openresty/lualib/resty/http.lua'
	no file '/usr/local/openresty/lualib/resty/http/init.lua'
	no file './resty/http.lua'
	no file '/usr/local/openresty/luajit/share/luajit-2.1/resty/http.lua'
	no file '/usr/local/share/lua/5.1/resty/http.lua'
	no file '/usr/local/share/lua/5.1/resty/http/init.lua'
	no file '/usr/local/openresty/luajit/share/lua/5.1/resty/http.lua'
	no file '/usr/local/openresty/luajit/share/lua/5.1/resty/http/init.lua'
	no file '/usr/local/openresty/site/lualib/resty/http.so'
	no file '/usr/local/openresty/lualib/resty/http.so'
	no file './resty/http.so'
	no file '/usr/local/lib/lua/5.1/resty/http.so'
	no file '/usr/local/openresty/luajit/lib/lua/5.1/resty/http.so'
	no file '/usr/local/lib/lua/5.1/loadall.so'
	no file '/usr/local/openresty/site/lualib/resty.so'
	no file '/usr/local/openresty/lualib/resty.so'
	no file './resty.so'
	no file '/usr/local/lib/lua/5.1/resty.so'
	no file '/usr/local/openresty/luajit/lib/lua/5.1/resty.so'
	no file '/usr/local/lib/lua/5.1/loadall.so'
stack traceback:
coroutine 0:
	[C]: in function 'require'
	/etc/nginx/conf.d/query_sw.lua:3: in function 'query'
	rewrite_by_lua(/etc/nginx/conf.d/default.conf:18):2: in main chunk, client: 172.24.0.1, server: localhost, request: "GET /error HTTP/1.1", host: "localhost:8089"
2024/10/20 14:46:04 [error] 7#7: *10 lua entry thread aborted: runtime error: /etc/nginx/conf.d/query_sw.lua:3: module 'resty.http' not found:
	no field package.preload['resty.http']
	no file '/etc/nginx/conf.d/resty/http.lua'
	no file '/usr/local/openresty/site/lualib/resty/http.ljbc'
	no file '/usr/local/openresty/site/lualib/resty/http/init.ljbc'
	no file '/usr/local/openresty/lualib/resty/http.ljbc'
	no file '/usr/local/openresty/lualib/resty/http/init.ljbc'
	no file '/usr/local/openresty/site/lualib/resty/http.lua'
	no file '/usr/local/openresty/site/lualib/resty/http/init.lua'
	no file '/usr/local/openresty/lualib/resty/http.lua'
	no file '/usr/local/openresty/lualib/resty/http/init.lua'
	no file './resty/http.lua'
	no file '/usr/local/openresty/luajit/share/luajit-2.1/resty/http.lua'
	no file '/usr/local/share/lua/5.1/resty/http.lua'
	no file '/usr/local/share/lua/5.1/resty/http/init.lua'
	no file '/usr/local/openresty/luajit/share/lua/5.1/resty/http.lua'
	no file '/usr/local/openresty/luajit/share/lua/5.1/resty/http/init.lua'
	no file '/usr/local/openresty/site/lualib/resty/http.so'
	no file '/usr/local/openresty/lualib/resty/http.so'
	no file './resty/http.so'
	no file '/usr/local/lib/lua/5.1/resty/http.so'
	no file '/usr/local/openresty/luajit/lib/lua/5.1/resty/http.so'
	no file '/usr/local/lib/lua/5.1/loadall.so'
	no file '/usr/local/openresty/site/lualib/resty.so'
	no file '/usr/local/openresty/lualib/resty.so'
	no file './resty.so'
	no file '/usr/local/lib/lua/5.1/resty.so'
	no file '/usr/local/openresty/luajit/lib/lua/5.1/resty.so'
	no file '/usr/local/lib/lua/5.1/loadall.so'
stack traceback:
coroutine 0:
	[C]: in function 'require'
	/etc/nginx/conf.d/query_sw.lua:3: in function 'query'
	rewrite_by_lua(/etc/nginx/conf.d/default.conf:18):2: in main chunk, client: 172.24.0.1, server: localhost, request: "GET /error HTTP/1.1", host: "localhost:8089"
2024/10/20 14:55:06 [error] 7#7: *12 lua entry thread aborted: runtime error: /etc/nginx/conf.d/query_sw.lua:3: module 'resty.http' not found:
	no field package.preload['resty.http']
	no file '/etc/nginx/conf.d/resty/http.lua'
	no file '/usr/local/openresty/site/lualib/resty/http.ljbc'
	no file '/usr/local/openresty/site/lualib/resty/http/init.ljbc'
	no file '/usr/local/openresty/lualib/resty/http.ljbc'
	no file '/usr/local/openresty/lualib/resty/http/init.ljbc'
	no file '/usr/local/openresty/site/lualib/resty/http.lua'
	no file '/usr/local/openresty/site/lualib/resty/http/init.lua'
	no file '/usr/local/openresty/lualib/resty/http.lua'
	no file '/usr/local/openresty/lualib/resty/http/init.lua'
	no file './resty/http.lua'
	no file '/usr/local/openresty/luajit/share/luajit-2.1/resty/http.lua'
	no file '/usr/local/share/lua/5.1/resty/http.lua'
	no file '/usr/local/share/lua/5.1/resty/http/init.lua'
	no file '/usr/local/openresty/luajit/share/lua/5.1/resty/http.lua'
	no file '/usr/local/openresty/luajit/share/lua/5.1/resty/http/init.lua'
	no file '/usr/local/openresty/site/lualib/resty/http.so'
	no file '/usr/local/openresty/lualib/resty/http.so'
	no file './resty/http.so'
	no file '/usr/local/lib/lua/5.1/resty/http.so'
	no file '/usr/local/openresty/luajit/lib/lua/5.1/resty/http.so'
	no file '/usr/local/lib/lua/5.1/loadall.so'
	no file '/usr/local/openresty/site/lualib/resty.so'
	no file '/usr/local/openresty/lualib/resty.so'
	no file './resty.so'
	no file '/usr/local/lib/lua/5.1/resty.so'
	no file '/usr/local/openresty/luajit/lib/lua/5.1/resty.so'
	no file '/usr/local/lib/lua/5.1/loadall.so'
stack traceback:
coroutine 0:
	[C]: in function 'require'
	/etc/nginx/conf.d/query_sw.lua:3: in function 'query'
	rewrite_by_lua(/etc/nginx/conf.d/default.conf:18):2: in main chunk, client: 172.24.0.1, server: localhost, request: "GET /error HTTP/1.1", host: "localhost:8089"
2024/10/20 14:56:22 [error] 7#7: *14 lua entry thread aborted: runtime error: /etc/nginx/conf.d/query_sw.lua:3: module 'resty.http' not found:
	no field package.preload['resty.http']
	no file '/etc/nginx/conf.d/resty/http.lua'
	no file '/usr/local/openresty/site/lualib/resty/http.ljbc'
	no file '/usr/local/openresty/site/lualib/resty/http/init.ljbc'
	no file '/usr/local/openresty/lualib/resty/http.ljbc'
	no file '/usr/local/openresty/lualib/resty/http/init.ljbc'
	no file '/usr/local/openresty/site/lualib/resty/http.lua'
	no file '/usr/local/openresty/site/lualib/resty/http/init.lua'
	no file '/usr/local/openresty/lualib/resty/http.lua'
	no file '/usr/local/openresty/lualib/resty/http/init.lua'
	no file './resty/http.lua'
	no file '/usr/local/openresty/luajit/share/luajit-2.1/resty/http.lua'
	no file '/usr/local/share/lua/5.1/resty/http.lua'
	no file '/usr/local/share/lua/5.1/resty/http/init.lua'
	no file '/usr/local/openresty/luajit/share/lua/5.1/resty/http.lua'
	no file '/usr/local/openresty/luajit/share/lua/5.1/resty/http/init.lua'
	no file '/usr/local/openresty/site/lualib/resty/http.so'
	no file '/usr/local/openresty/lualib/resty/http.so'
	no file './resty/http.so'
	no file '/usr/local/lib/lua/5.1/resty/http.so'
	no file '/usr/local/openresty/luajit/lib/lua/5.1/resty/http.so'
	no file '/usr/local/lib/lua/5.1/loadall.so'
	no file '/usr/local/openresty/site/lualib/resty.so'
	no file '/usr/local/openresty/lualib/resty.so'
	no file './resty.so'
	no file '/usr/local/lib/lua/5.1/resty.so'
	no file '/usr/local/openresty/luajit/lib/lua/5.1/resty.so'
	no file '/usr/local/lib/lua/5.1/loadall.so'
stack traceback:
coroutine 0:
	[C]: in function 'require'
	/etc/nginx/conf.d/query_sw.lua:3: in function 'query'
	rewrite_by_lua(/etc/nginx/conf.d/default.conf:18):2: in main chunk, client: 172.24.0.1, server: localhost, request: "GET /error HTTP/1.1", host: "localhost:8089"
2024/10/20 15:30:43 [error] 7#7: *16 lua entry thread aborted: runtime error: /etc/nginx/conf.d/query_sw.lua:3: module 'resty.http' not found:
	no field package.preload['resty.http']
	no file '/etc/nginx/conf.d/resty/http.lua'
	no file '/usr/local/openresty/site/lualib/resty/http.ljbc'
	no file '/usr/local/openresty/site/lualib/resty/http/init.ljbc'
	no file '/usr/local/openresty/lualib/resty/http.ljbc'
	no file '/usr/local/openresty/lualib/resty/http/init.ljbc'
	no file '/usr/local/openresty/site/lualib/resty/http.lua'
	no file '/usr/local/openresty/site/lualib/resty/http/init.lua'
	no file '/usr/local/openresty/lualib/resty/http.lua'
	no file '/usr/local/openresty/lualib/resty/http/init.lua'
	no file './resty/http.lua'
	no file '/usr/local/openresty/luajit/share/luajit-2.1/resty/http.lua'
	no file '/usr/local/share/lua/5.1/resty/http.lua'
	no file '/usr/local/share/lua/5.1/resty/http/init.lua'
	no file '/usr/local/openresty/luajit/share/lua/5.1/resty/http.lua'
	no file '/usr/local/openresty/luajit/share/lua/5.1/resty/http/init.lua'
	no file '/usr/local/openresty/site/lualib/resty/http.so'
	no file '/usr/local/openresty/lualib/resty/http.so'
	no file './resty/http.so'
	no file '/usr/local/lib/lua/5.1/resty/http.so'
	no file '/usr/local/openresty/luajit/lib/lua/5.1/resty/http.so'
	no file '/usr/local/lib/lua/5.1/loadall.so'
	no file '/usr/local/openresty/site/lualib/resty.so'
	no file '/usr/local/openresty/lualib/resty.so'
	no file './resty.so'
	no file '/usr/local/lib/lua/5.1/resty.so'
	no file '/usr/local/openresty/luajit/lib/lua/5.1/resty.so'
	no file '/usr/local/lib/lua/5.1/loadall.so'
stack traceback:
coroutine 0:
	[C]: in function 'require'
	/etc/nginx/conf.d/query_sw.lua:3: in function 'query'
	rewrite_by_lua(/etc/nginx/conf.d/default.conf:18):2: in main chunk, client: 172.24.0.1, server: localhost, request: "GET /error HTTP/1.1", host: "localhost:8089"
2024/10/20 15:35:17 [error] 7#7: *18 lua entry thread aborted: runtime error: /etc/nginx/conf.d/query_sw.lua:3: module 'resty.http' not found:
	no field package.preload['resty.http']
	no file '/etc/nginx/conf.d/resty/http.lua'
	no file '/usr/local/openresty/site/lualib/resty/http.ljbc'
	no file '/usr/local/openresty/site/lualib/resty/http/init.ljbc'
	no file '/usr/local/openresty/lualib/resty/http.ljbc'
	no file '/usr/local/openresty/lualib/resty/http/init.ljbc'
	no file '/usr/local/openresty/site/lualib/resty/http.lua'
	no file '/usr/local/openresty/site/lualib/resty/http/init.lua'
	no file '/usr/local/openresty/lualib/resty/http.lua'
	no file '/usr/local/openresty/lualib/resty/http/init.lua'
	no file './resty/http.lua'
	no file '/usr/local/openresty/luajit/share/luajit-2.1/resty/http.lua'
	no file '/usr/local/share/lua/5.1/resty/http.lua'
	no file '/usr/local/share/lua/5.1/resty/http/init.lua'
	no file '/usr/local/openresty/luajit/share/lua/5.1/resty/http.lua'
	no file '/usr/local/openresty/luajit/share/lua/5.1/resty/http/init.lua'
	no file '/usr/local/openresty/site/lualib/resty/http.so'
	no file '/usr/local/openresty/lualib/resty/http.so'
	no file './resty/http.so'
	no file '/usr/local/lib/lua/5.1/resty/http.so'
	no file '/usr/local/openresty/luajit/lib/lua/5.1/resty/http.so'
	no file '/usr/local/lib/lua/5.1/loadall.so'
	no file '/usr/local/openresty/site/lualib/resty.so'
	no file '/usr/local/openresty/lualib/resty.so'
	no file './resty.so'
	no file '/usr/local/lib/lua/5.1/resty.so'
	no file '/usr/local/openresty/luajit/lib/lua/5.1/resty.so'
	no file '/usr/local/lib/lua/5.1/loadall.so'
stack traceback:
coroutine 0:
	[C]: in function 'require'
	/etc/nginx/conf.d/query_sw.lua:3: in function 'query'
	rewrite_by_lua(/etc/nginx/conf.d/default.conf:18):2: in main chunk, client: 172.24.0.1, server: localhost, request: "GET /error HTTP/1.1", host: "localhost:8089"
2024/10/20 15:36:23 [error] 7#7: *20 lua entry thread aborted: runtime error: /etc/nginx/conf.d/query_sw.lua:3: module 'resty.http' not found:
	no field package.preload['resty.http']
	no file '/etc/nginx/conf.d/resty/http.lua'
	no file '/usr/local/openresty/site/lualib/resty/http.ljbc'
	no file '/usr/local/openresty/site/lualib/resty/http/init.ljbc'
	no file '/usr/local/openresty/lualib/resty/http.ljbc'
	no file '/usr/local/openresty/lualib/resty/http/init.ljbc'
	no file '/usr/local/openresty/site/lualib/resty/http.lua'
	no file '/usr/local/openresty/site/lualib/resty/http/init.lua'
	no file '/usr/local/openresty/lualib/resty/http.lua'
	no file '/usr/local/openresty/lualib/resty/http/init.lua'
	no file './resty/http.lua'
	no file '/usr/local/openresty/luajit/share/luajit-2.1/resty/http.lua'
	no file '/usr/local/share/lua/5.1/resty/http.lua'
	no file '/usr/local/share/lua/5.1/resty/http/init.lua'
	no file '/usr/local/openresty/luajit/share/lua/5.1/resty/http.lua'
	no file '/usr/local/openresty/luajit/share/lua/5.1/resty/http/init.lua'
	no file '/usr/local/openresty/site/lualib/resty/http.so'
	no file '/usr/local/openresty/lualib/resty/http.so'
	no file './resty/http.so'
	no file '/usr/local/lib/lua/5.1/resty/http.so'
	no file '/usr/local/openresty/luajit/lib/lua/5.1/resty/http.so'
	no file '/usr/local/lib/lua/5.1/loadall.so'
	no file '/usr/local/openresty/site/lualib/resty.so'
	no file '/usr/local/openresty/lualib/resty.so'
	no file './resty.so'
	no file '/usr/local/lib/lua/5.1/resty.so'
	no file '/usr/local/openresty/luajit/lib/lua/5.1/resty.so'
	no file '/usr/local/lib/lua/5.1/loadall.so'
stack traceback:
coroutine 0:
	[C]: in function 'require'
	/etc/nginx/conf.d/query_sw.lua:3: in function 'query'
	rewrite_by_lua(/etc/nginx/conf.d/default.conf:18):2: in main chunk, client: 172.24.0.1, server: localhost, request: "GET /error HTTP/1.1", host: "localhost:8089"
2024/10/20 15:38:45 [error] 7#7: *22 lua entry thread aborted: runtime error: /etc/nginx/conf.d/query_sw.lua:3: module 'resty.http' not found:
	no field package.preload['resty.http']
	no file '/etc/nginx/conf.d/resty/http.lua'
	no file '/usr/local/openresty/site/lualib/resty/http.ljbc'
	no file '/usr/local/openresty/site/lualib/resty/http/init.ljbc'
	no file '/usr/local/openresty/lualib/resty/http.ljbc'
	no file '/usr/local/openresty/lualib/resty/http/init.ljbc'
	no file '/usr/local/openresty/site/lualib/resty/http.lua'
	no file '/usr/local/openresty/site/lualib/resty/http/init.lua'
	no file '/usr/local/openresty/lualib/resty/http.lua'
	no file '/usr/local/openresty/lualib/resty/http/init.lua'
	no file './resty/http.lua'
	no file '/usr/local/openresty/luajit/share/luajit-2.1/resty/http.lua'
	no file '/usr/local/share/lua/5.1/resty/http.lua'
	no file '/usr/local/share/lua/5.1/resty/http/init.lua'
	no file '/usr/local/openresty/luajit/share/lua/5.1/resty/http.lua'
	no file '/usr/local/openresty/luajit/share/lua/5.1/resty/http/init.lua'
	no file '/usr/local/openresty/site/lualib/resty/http.so'
	no file '/usr/local/openresty/lualib/resty/http.so'
	no file './resty/http.so'
	no file '/usr/local/lib/lua/5.1/resty/http.so'
	no file '/usr/local/openresty/luajit/lib/lua/5.1/resty/http.so'
	no file '/usr/local/lib/lua/5.1/loadall.so'
	no file '/usr/local/openresty/site/lualib/resty.so'
	no file '/usr/local/openresty/lualib/resty.so'
	no file './resty.so'
	no file '/usr/local/lib/lua/5.1/resty.so'
	no file '/usr/local/openresty/luajit/lib/lua/5.1/resty.so'
	no file '/usr/local/lib/lua/5.1/loadall.so'
stack traceback:
coroutine 0:
	[C]: in function 'require'
	/etc/nginx/conf.d/query_sw.lua:3: in function 'query'
	rewrite_by_lua(/etc/nginx/conf.d/default.conf:18):2: in main chunk, client: 172.24.0.1, server: localhost, request: "GET /error HTTP/1.1", host: "localhost:8089"
2024/10/20 15:50:32 [error] 7#7: *24 lua entry thread aborted: runtime error: /etc/nginx/conf.d/query_sw.lua:3: module 'resty.http' not found:
	no field package.preload['resty.http']
	no file '/etc/nginx/conf.d/resty/http.lua'
	no file '/usr/local/openresty/site/lualib/resty/http.ljbc'
	no file '/usr/local/openresty/site/lualib/resty/http/init.ljbc'
	no file '/usr/local/openresty/lualib/resty/http.ljbc'
	no file '/usr/local/openresty/lualib/resty/http/init.ljbc'
	no file '/usr/local/openresty/site/lualib/resty/http.lua'
	no file '/usr/local/openresty/site/lualib/resty/http/init.lua'
	no file '/usr/local/openresty/lualib/resty/http.lua'
	no file '/usr/local/openresty/lualib/resty/http/init.lua'
	no file './resty/http.lua'
	no file '/usr/local/openresty/luajit/share/luajit-2.1/resty/http.lua'
	no file '/usr/local/share/lua/5.1/resty/http.lua'
	no file '/usr/local/share/lua/5.1/resty/http/init.lua'
	no file '/usr/local/openresty/luajit/share/lua/5.1/resty/http.lua'
	no file '/usr/local/openresty/luajit/share/lua/5.1/resty/http/init.lua'
	no file '/usr/local/openresty/site/lualib/resty/http.so'
	no file '/usr/local/openresty/lualib/resty/http.so'
	no file './resty/http.so'
	no file '/usr/local/lib/lua/5.1/resty/http.so'
	no file '/usr/local/openresty/luajit/lib/lua/5.1/resty/http.so'
	no file '/usr/local/lib/lua/5.1/loadall.so'
	no file '/usr/local/openresty/site/lualib/resty.so'
	no file '/usr/local/openresty/lualib/resty.so'
	no file './resty.so'
	no file '/usr/local/lib/lua/5.1/resty.so'
	no file '/usr/local/openresty/luajit/lib/lua/5.1/resty.so'
	no file '/usr/local/lib/lua/5.1/loadall.so'
stack traceback:
coroutine 0:
	[C]: in function 'require'
	/etc/nginx/conf.d/query_sw.lua:3: in function 'query'
	rewrite_by_lua(/etc/nginx/conf.d/default.conf:18):2: in main chunk, client: 172.24.0.1, server: localhost, request: "GET /error HTTP/1.1", host: "localhost:8089"
2024/10/20 16:12:42 [error] 7#7: *26 lua entry thread aborted: runtime error: /etc/nginx/conf.d/query_sw.lua:3: module 'resty.http' not found:
	no field package.preload['resty.http']
	no file '/etc/nginx/conf.d/resty/http.lua'
	no file '/usr/local/openresty/site/lualib/resty/http.ljbc'
	no file '/usr/local/openresty/site/lualib/resty/http/init.ljbc'
	no file '/usr/local/openresty/lualib/resty/http.ljbc'
	no file '/usr/local/openresty/lualib/resty/http/init.ljbc'
	no file '/usr/local/openresty/site/lualib/resty/http.lua'
	no file '/usr/local/openresty/site/lualib/resty/http/init.lua'
	no file '/usr/local/openresty/lualib/resty/http.lua'
	no file '/usr/local/openresty/lualib/resty/http/init.lua'
	no file './resty/http.lua'
	no file '/usr/local/openresty/luajit/share/luajit-2.1/resty/http.lua'
	no file '/usr/local/share/lua/5.1/resty/http.lua'
	no file '/usr/local/share/lua/5.1/resty/http/init.lua'
	no file '/usr/local/openresty/luajit/share/lua/5.1/resty/http.lua'
	no file '/usr/local/openresty/luajit/share/lua/5.1/resty/http/init.lua'
	no file '/usr/local/openresty/site/lualib/resty/http.so'
	no file '/usr/local/openresty/lualib/resty/http.so'
	no file './resty/http.so'
	no file '/usr/local/lib/lua/5.1/resty/http.so'
	no file '/usr/local/openresty/luajit/lib/lua/5.1/resty/http.so'
	no file '/usr/local/lib/lua/5.1/loadall.so'
	no file '/usr/local/openresty/site/lualib/resty.so'
	no file '/usr/local/openresty/lualib/resty.so'
	no file './resty.so'
	no file '/usr/local/lib/lua/5.1/resty.so'
	no file '/usr/local/openresty/luajit/lib/lua/5.1/resty.so'
	no file '/usr/local/lib/lua/5.1/loadall.so'
stack traceback:
coroutine 0:
	[C]: in function 'require'
	/etc/nginx/conf.d/query_sw.lua:3: in function 'query'
	rewrite_by_lua(/etc/nginx/conf.d/default.conf:18):2: in main chunk, client: 172.24.0.1, server: localhost, request: "GET /error HTTP/1.1", host: "localhost:8089"
2024/10/20 16:48:23 [notice] 1#1: signal 3 (SIGQUIT) received, shutting down
2024/10/20 16:48:23 [notice] 7#7: gracefully shutting down
2024/10/20 16:48:23 [notice] 7#7: exiting
2024/10/20 16:48:23 [notice] 7#7: exit
2024/10/20 16:48:23 [notice] 1#1: signal 17 (SIGCHLD) received from 7
2024/10/20 16:48:23 [notice] 1#1: worker process 7 exited with code 0
2024/10/20 16:48:23 [notice] 1#1: exit
